Determining if the pthread_create exist failed with the following output:
Change Dir: /home/pavel/velodyne_plugin/build/CMakeFiles/CMakeTmp

Run Build Command:"/usr/bin/make" "cmTC_03f3f/fast"
/usr/bin/make -f CMakeFiles/cmTC_03f3f.dir/build.make CMakeFiles/cmTC_03f3f.dir/build
make[1]: вход в каталог «/home/pavel/velodyne_plugin/build/CMakeFiles/CMakeTmp»
Building C object CMakeFiles/cmTC_03f3f.dir/CheckSymbolExists.c.o
/usr/bin/cc     -o CMakeFiles/cmTC_03f3f.dir/CheckSymbolExists.c.o   -c /home/pavel/velodyne_plugin/build/CMakeFiles/CMakeTmp/CheckSymbolExists.c
Linking C executable cmTC_03f3f
/usr/bin/cmake -E cmake_link_script CMakeFiles/cmTC_03f3f.dir/link.txt --verbose=1
/usr/bin/cc       CMakeFiles/cmTC_03f3f.dir/CheckSymbolExists.c.o  -o cmTC_03f3f -rdynamic 
CMakeFiles/cmTC_03f3f.dir/CheckSymbolExists.c.o: In function `main':
CheckSymbolExists.c:(.text+0x16): undefined reference to `pthread_create'
collect2: error: ld returned 1 exit status
CMakeFiles/cmTC_03f3f.dir/build.make:97: ошибка выполнения рецепта для цели «cmTC_03f3f»
make[1]: *** [cmTC_03f3f] Ошибка 1
make[1]: выход из каталога «/home/pavel/velodyne_plugin/build/CMakeFiles/CMakeTmp»
Makefile:126: ошибка выполнения рецепта для цели «cmTC_03f3f/fast»
make: *** [cmTC_03f3f/fast] Ошибка 2

File /home/pavel/velodyne_plugin/build/CMakeFiles/CMakeTmp/CheckSymbolExists.c:
/* */
#include <pthread.h>

int main(int argc, char** argv)
{
  (void)argv;
#ifndef pthread_create
  return ((int*)(&pthread_create))[argc];
#else
  (void)argc;
  return 0;
#endif
}

Determining if the function pthread_create exists in the pthreads failed with the following output:
Change Dir: /home/pavel/velodyne_plugin/build/CMakeFiles/CMakeTmp

Run Build Command:"/usr/bin/make" "cmTC_1fcce/fast"
/usr/bin/make -f CMakeFiles/cmTC_1fcce.dir/build.make CMakeFiles/cmTC_1fcce.dir/build
make[1]: вход в каталог «/home/pavel/velodyne_plugin/build/CMakeFiles/CMakeTmp»
Building C object CMakeFiles/cmTC_1fcce.dir/CheckFunctionExists.c.o
/usr/bin/cc    -DCHECK_FUNCTION_EXISTS=pthread_create   -o CMakeFiles/cmTC_1fcce.dir/CheckFunctionExists.c.o   -c /usr/share/cmake-3.5/Modules/CheckFunctionExists.c
Linking C executable cmTC_1fcce
/usr/bin/cmake -E cmake_link_script CMakeFiles/cmTC_1fcce.dir/link.txt --verbose=1
/usr/bin/cc   -DCHECK_FUNCTION_EXISTS=pthread_create    CMakeFiles/cmTC_1fcce.dir/CheckFunctionExists.c.o  -o cmTC_1fcce -rdynamic -lpthreads 
/usr/bin/ld: cannot find -lpthreads
collect2: error: ld returned 1 exit status
CMakeFiles/cmTC_1fcce.dir/build.make:97: ошибка выполнения рецепта для цели «cmTC_1fcce»
make[1]: *** [cmTC_1fcce] Ошибка 1
make[1]: выход из каталога «/home/pavel/velodyne_plugin/build/CMakeFiles/CMakeTmp»
Makefile:126: ошибка выполнения рецепта для цели «cmTC_1fcce/fast»
make: *** [cmTC_1fcce/fast] Ошибка 2


