Determining if the pthread_create exist failed with the following output:
Change Dir: /home/pavel/student_633_ws/build/CMakeFiles/CMakeTmp

Run Build Command:"/usr/bin/make" "cmTC_5d59d/fast"
/usr/bin/make -f CMakeFiles/cmTC_5d59d.dir/build.make CMakeFiles/cmTC_5d59d.dir/build
make[1]: вход в каталог «/home/pavel/student_633_ws/build/CMakeFiles/CMakeTmp»
Building C object CMakeFiles/cmTC_5d59d.dir/CheckSymbolExists.c.o
/usr/bin/cc     -o CMakeFiles/cmTC_5d59d.dir/CheckSymbolExists.c.o   -c /home/pavel/student_633_ws/build/CMakeFiles/CMakeTmp/CheckSymbolExists.c
Linking C executable cmTC_5d59d
/usr/bin/cmake -E cmake_link_script CMakeFiles/cmTC_5d59d.dir/link.txt --verbose=1
/usr/bin/cc       CMakeFiles/cmTC_5d59d.dir/CheckSymbolExists.c.o  -o cmTC_5d59d -rdynamic 
CMakeFiles/cmTC_5d59d.dir/CheckSymbolExists.c.o: In function `main':
CheckSymbolExists.c:(.text+0x16): undefined reference to `pthread_create'
collect2: error: ld returned 1 exit status
CMakeFiles/cmTC_5d59d.dir/build.make:97: ошибка выполнения рецепта для цели «cmTC_5d59d»
make[1]: *** [cmTC_5d59d] Ошибка 1
make[1]: выход из каталога «/home/pavel/student_633_ws/build/CMakeFiles/CMakeTmp»
Makefile:126: ошибка выполнения рецепта для цели «cmTC_5d59d/fast»
make: *** [cmTC_5d59d/fast] Ошибка 2

File /home/pavel/student_633_ws/build/CMakeFiles/CMakeTmp/CheckSymbolExists.c:
/* */
#include <pthread.h>

int main(int argc, char** argv)
{
  (void)argv;
#ifndef pthread_create
  return ((int*)(&pthread_create))[argc];
#else
  (void)argc;
  return 0;
#endif
}

Determining if the function pthread_create exists in the pthreads failed with the following output:
Change Dir: /home/pavel/student_633_ws/build/CMakeFiles/CMakeTmp

Run Build Command:"/usr/bin/make" "cmTC_b16de/fast"
/usr/bin/make -f CMakeFiles/cmTC_b16de.dir/build.make CMakeFiles/cmTC_b16de.dir/build
make[1]: вход в каталог «/home/pavel/student_633_ws/build/CMakeFiles/CMakeTmp»
Building C object CMakeFiles/cmTC_b16de.dir/CheckFunctionExists.c.o
/usr/bin/cc    -DCHECK_FUNCTION_EXISTS=pthread_create   -o CMakeFiles/cmTC_b16de.dir/CheckFunctionExists.c.o   -c /usr/share/cmake-3.5/Modules/CheckFunctionExists.c
Linking C executable cmTC_b16de
/usr/bin/cmake -E cmake_link_script CMakeFiles/cmTC_b16de.dir/link.txt --verbose=1
/usr/bin/cc   -DCHECK_FUNCTION_EXISTS=pthread_create    CMakeFiles/cmTC_b16de.dir/CheckFunctionExists.c.o  -o cmTC_b16de -rdynamic -lpthreads 
/usr/bin/ld: cannot find -lpthreads
collect2: error: ld returned 1 exit status
CMakeFiles/cmTC_b16de.dir/build.make:97: ошибка выполнения рецепта для цели «cmTC_b16de»
make[1]: *** [cmTC_b16de] Ошибка 1
make[1]: выход из каталога «/home/pavel/student_633_ws/build/CMakeFiles/CMakeTmp»
Makefile:126: ошибка выполнения рецепта для цели «cmTC_b16de/fast»
make: *** [cmTC_b16de/fast] Ошибка 2


